# JRE version: OpenJDK Runtime Environment (8.0_152-b02) (build 1.8.0_152-release-1024-b02)
# Java VM: OpenJDK 64-Bit Server VM (25.152-b02 mixed mode windows-amd64 compressed oops)
Heap:
 PSYoungGen      total 378880K, used 78742K [0x00000000e0000000, 0x00000000f8980000, 0x0000000100000000)
  eden space 362496K, 21% used [0x00000000e0000000,0x00000000e4ce5ae8,0x00000000f6200000)
  from space 16384K, 0% used [0x00000000f6200000,0x00000000f6200000,0x00000000f7200000)
  to   space 15872K, 0% used [0x00000000f7200000,0x00000000f7200000,0x00000000f8180000)
 ParOldGen       total 143360K, used 39525K [0x00000000a0000000, 0x00000000a8c00000, 0x00000000e0000000)
  object space 143360K, 27% used [0x00000000a0000000,0x00000000a2699438,0x00000000a8c00000)
 Metaspace       used 61605K, capacity 63308K, committed 63448K, reserved 1103872K
  class space    used 8181K, capacity 8647K, committed 8704K, reserved 1048576K
GC Heap History (10 events):
Event: 54.536 GC heap before
{Heap before GC invocations=10 (full 2):
 PSYoungGen      total 220672K, used 205824K [0x00000000e0000000, 0x00000000f5600000, 0x0000000100000000)
  eden space 205824K, 100% used [0x00000000e0000000,0x00000000ec900000,0x00000000ec900000)
  from space 14848K, 0% used [0x00000000ec900000,0x00000000ec900000,0x00000000ed780000)
  to   space 15872K, 0% used [0x00000000f4680000,0x00000000f4680000,0x00000000f5600000)
 ParOldGen       total 95744K, used 18213K [0x00000000a0000000, 0x00000000a5d80000, 0x00000000e0000000)
  object space 95744K, 19% used [0x00000000a0000000,0x00000000a11c9610,0x00000000a5d80000)
 Metaspace       used 40834K, capacity 41648K, committed 41944K, reserved 1085440K
  class space    used 5302K, capacity 5567K, committed 5632K, reserved 1048576K
Event: 54.556 GC heap after
Heap after GC invocations=10 (full 2):
 PSYoungGen      total 303104K, used 6574K [0x00000000e0000000, 0x00000000f4d00000, 0x0000000100000000)
  eden space 296448K, 0% used [0x00000000e0000000,0x00000000e0000000,0x00000000f2180000)
  from space 6656K, 98% used [0x00000000f4680000,0x00000000f4ceb938,0x00000000f4d00000)
  to   space 15872K, 0% used [0x00000000f2e00000,0x00000000f2e00000,0x00000000f3d80000)
 ParOldGen       total 95744K, used 18316K [0x00000000a0000000, 0x00000000a5d80000, 0x00000000e0000000)
  object space 95744K, 19% used [0x00000000a0000000,0x00000000a11e3280,0x00000000a5d80000)
 Metaspace       used 40834K, capacity 41648K, committed 41944K, reserved 1085440K
  class space    used 5302K, capacity 5567K, committed 5632K, reserved 1048576K
}
Event: 106.166 GC heap before
{Heap before GC invocations=11 (full 2):
 PSYoungGen      total 303104K, used 303022K [0x00000000e0000000, 0x00000000f4d00000, 0x0000000100000000)
  eden space 296448K, 100% used [0x00000000e0000000,0x00000000f2180000,0x00000000f2180000)
  from space 6656K, 98% used [0x00000000f4680000,0x00000000f4ceb938,0x00000000f4d00000)
  to   space 15872K, 0% used [0x00000000f2e00000,0x00000000f2e00000,0x00000000f3d80000)
 ParOldGen       total 95744K, used 18316K [0x00000000a0000000, 0x00000000a5d80000, 0x00000000e0000000)
  object space 95744K, 19% used [0x00000000a0000000,0x00000000a11e3280,0x00000000a5d80000)
 Metaspace       used 40971K, capacity 41782K, committed 42200K, reserved 1085440K
  class space    used 5303K, capacity 5568K, committed 5632K, reserved 1048576K
Event: 106.183 GC heap after
Heap after GC invocations=11 (full 2):
 PSYoungGen      total 325120K, used 5027K [0x00000000e0000000, 0x00000000f8180000, 0x0000000100000000)
  eden space 309248K, 0% used [0x00000000e0000000,0x00000000e0000000,0x00000000f2e00000)
  from space 15872K, 31% used [0x00000000f2e00000,0x00000000f32e8c90,0x00000000f3d80000)
  to   space 15872K, 0% used [0x00000000f7200000,0x00000000f7200000,0x00000000f8180000)
 ParOldGen       total 95744K, used 18324K [0x00000000a0000000, 0x00000000a5d80000, 0x00000000e0000000)
  object space 95744K, 19% used [0x00000000a0000000,0x00000000a11e5280,0x00000000a5d80000)
 Metaspace       used 40971K, capacity 41782K, committed 42200K, reserved 1085440K
  class space    used 5303K, capacity 5568K, committed 5632K, reserved 1048576K
}
Event: 116.888 GC heap before
{Heap before GC invocations=12 (full 2):
 PSYoungGen      total 325120K, used 314275K [0x00000000e0000000, 0x00000000f8180000, 0x0000000100000000)
  eden space 309248K, 100% used [0x00000000e0000000,0x00000000f2e00000,0x00000000f2e00000)
  from space 15872K, 31% used [0x00000000f2e00000,0x00000000f32e8c90,0x00000000f3d80000)
  to   space 15872K, 0% used [0x00000000f7200000,0x00000000f7200000,0x00000000f8180000)
 ParOldGen       total 95744K, used 18324K [0x00000000a0000000, 0x00000000a5d80000, 0x00000000e0000000)
  object space 95744K, 19% used [0x00000000a0000000,0x00000000a11e5280,0x00000000a5d80000)
 Metaspace       used 46587K, capacity 47614K, committed 48088K, reserved 1091584K
  class space    used 5994K, capacity 6301K, committed 6400K, reserved 1048576K
Event: 116.918 GC heap after
Heap after GC invocations=12 (full 2):
 PSYoungGen      total 378368K, used 12529K [0x00000000e0000000, 0x00000000f8980000, 0x0000000100000000)
  eden space 362496K, 0% used [0x00000000e0000000,0x00000000e0000000,0x00000000f6200000)
  from space 15872K, 78% used [0x00000000f7200000,0x00000000f7e3c430,0x00000000f8180000)
  to   space 16384K, 0% used [0x00000000f6200000,0x00000000f6200000,0x00000000f7200000)
 ParOldGen       total 95744K, used 18332K [0x00000000a0000000, 0x00000000a5d80000, 0x00000000e0000000)
  object space 95744K, 19% used [0x00000000a0000000,0x00000000a11e7280,0x00000000a5d80000)
 Metaspace       used 46587K, capacity 47614K, committed 48088K, reserved 1091584K
  class space    used 5994K, capacity 6301K, committed 6400K, reserved 1048576K
}
Event: 123.361 GC heap before
{Heap before GC invocations=13 (full 2):
 PSYoungGen      total 378368K, used 178831K [0x00000000e0000000, 0x00000000f8980000, 0x0000000100000000)
  eden space 362496K, 45% used [0x00000000e0000000,0x00000000ea267b20,0x00000000f6200000)
  from space 15872K, 78% used [0x00000000f7200000,0x00000000f7e3c430,0x00000000f8180000)
  to   space 16384K, 0% used [0x00000000f6200000,0x00000000f6200000,0x00000000f7200000)
 ParOldGen       total 95744K, used 18332K [0x00000000a0000000, 0x00000000a5d80000, 0x00000000e0000000)
  object space 95744K, 19% used [0x00000000a0000000,0x00000000a11e7280,0x00000000a5d80000)
 Metaspace       used 57518K, capacity 58968K, committed 59028K, reserved 1099776K
  class space    used 7497K, capacity 7887K, committed 7936K, reserved 1048576K
Event: 123.409 GC heap after
Heap after GC invocations=13 (full 2):
 PSYoungGen      total 378880K, used 16379K [0x00000000e0000000, 0x00000000f8980000, 0x0000000100000000)
  eden space 362496K, 0% used [0x00000000e0000000,0x00000000e0000000,0x00000000f6200000)
  from space 16384K, 99% used [0x00000000f6200000,0x00000000f71fee40,0x00000000f7200000)
  to   space 15872K, 0% used [0x00000000f7200000,0x00000000f7200000,0x00000000f8180000)
 ParOldGen       total 95744K, used 27062K [0x00000000a0000000, 0x00000000a5d80000, 0x00000000e0000000)
  object space 95744K, 28% used [0x00000000a0000000,0x00000000a1a6dae0,0x00000000a5d80000)
 Metaspace       used 57518K, capacity 58968K, committed 59028K, reserved 1099776K
  class space    used 7497K, capacity 7887K, committed 7936K, reserved 1048576K
}
Event: 123.410 GC heap before
{Heap before GC invocations=14 (full 3):
 PSYoungGen      total 378880K, used 16379K [0x00000000e0000000, 0x00000000f8980000, 0x0000000100000000)
  eden space 362496K, 0% used [0x00000000e0000000,0x00000000e0000000,0x00000000f6200000)
  from space 16384K, 99% used [0x00000000f6200000,0x00000000f71fee40,0x00000000f7200000)
  to   space 15872K, 0% used [0x00000000f7200000,0x00000000f7200000,0x00000000f8180000)
 ParOldGen       total 95744K, used 27062K [0x00000000a0000000, 0x00000000a5d80000, 0x00000000e0000000)
  object space 95744K, 28% used [0x00000000a0000000,0x00000000a1a6dae0,0x00000000a5d80000)
 Metaspace       used 57518K, capacity 58968K, committed 59028K, reserved 1099776K
  class space    used 7497K, capacity 7887K, committed 7936K, reserved 1048576K
Event: 123.880 GC heap after
Heap after GC invocations=14 (full 3):
 PSYoungGen      total 378880K, used 0K [0x00000000e0000000, 0x00000000f8980000, 0x0000000100000000)
  eden space 362496K, 0% used [0x00000000e0000000,0x00000000e0000000,0x00000000f6200000)
  from space 16384K, 0% used [0x00000000f6200000,0x00000000f6200000,0x00000000f7200000)
  to   space 15872K, 0% used [0x00000000f7200000,0x00000000f7200000,0x00000000f8180000)
 ParOldGen       total 143360K, used 39525K [0x00000000a0000000, 0x00000000a8c00000, 0x00000000e0000000)
  object space 143360K, 27% used [0x00000000a0000000,0x00000000a2699438,0x00000000a8c00000)
 Metaspace       used 57480K, capacity 58862K, committed 59028K, reserved 1099776K
  class space    used 7485K, capacity 7873K, committed 7936K, reserved 1048576K
}

